<?xml version="1.0" encoding="UTF-8"?>
<!-- Generated by org.testng.reporters.JUnitXMLReporter -->
<testsuite ignored="0" hostname="Win10-2-225" failures="0" tests="7" name="Default test" time="12.994" errors="0" timestamp="2022-01-24T10:37:41 IST">
  <testcase classname="restassuredtestcases.AssignmentresponseCodeCheck" name="testGetListUser" time="4.058"/>
  <testcase classname="restassuredtestcases.AssignmentresponseCodeCheck" name="testGetSingleUser" time="0.99"/>
  <testcase classname="restassuredtestcases.AssignmentresponseCodeCheck" name="testGetSingleUserNotFound" time="1.004"/>
  <testcase classname="restassuredtestcases.AssignmentresponseCodeCheck" name="testGetlistResources" time="0.945"/>
  <testcase classname="restassuredtestcases.AssignmentresponseCodeCheck" name="testGetSingleResources" time="0.947"/>
  <testcase classname="restassuredtestcases.AssignmentresponseCodeCheck" name="testGetSingleResourcesNotFound" time="0.987"/>
  <testcase classname="restassuredtestcases.AssignmentresponseCodeCheck" name="testGetDelayedResponse" time="3.96"/>
</testsuite> <!-- Default test -->
